<?xml version="1.0" encoding="UTF-8" ?>
<testsuite errors="0" failures="0" hostname="Logans-MacBook-Air.local" name="com.flatironschool.javacs.ListClientExampleTest" skipped="0" tests="1" time="0.052" timestamp="2016-03-23T17:59:54">
  <properties>
    <property name="java.vendor" value="Oracle Corporation" />
    <property name="env.rvm_ruby_bits" value="" />
    <property name="env.VISUAL" value="vi" />
    <property name="sun.java.launcher" value="SUN_STANDARD" />
    <property name="env.XPC_SERVICE_NAME" value="0" />
    <property name="sun.management.compiler" value="HotSpot 64-Bit Tiered Compilers" />
    <property name="env.SECURITYSESSIONID" value="186a5" />
    <property name="env._system_arch" value="x86_64" />
    <property name="env.rvm_silent_flag" value="" />
    <property name="env.GEM_HOME" value="/Users/loganhasson/.rvm/gems/ruby-2.3.0" />
    <property name="os.name" value="Mac OS X" />
    <property name="env.rvm_gemstone_package_file" value="" />
    <property name="env.rvm_quiet_flag" value="" />
    <property name="sun.boot.class.path" value="/Library/Java/JavaVirtualMachines/jdk1.8.0_05.jdk/Contents/Home/jre/lib/resources.jar:/Library/Java/JavaVirtualMachines/jdk1.8.0_05.jdk/Contents/Home/jre/lib/rt.jar:/Library/Java/JavaVirtualMachines/jdk1.8.0_05.jdk/Contents/Home/jre/lib/sunrsasign.jar:/Library/Java/JavaVirtualMachines/jdk1.8.0_05.jdk/Contents/Home/jre/lib/jsse.jar:/Library/Java/JavaVirtualMachines/jdk1.8.0_05.jdk/Contents/Home/jre/lib/jce.jar:/Library/Java/JavaVirtualMachines/jdk1.8.0_05.jdk/Contents/Home/jre/lib/charsets.jar:/Library/Java/JavaVirtualMachines/jdk1.8.0_05.jdk/Contents/Home/jre/lib/jfr.jar:/Library/Java/JavaVirtualMachines/jdk1.8.0_05.jdk/Contents/Home/jre/classes" />
    <property name="env.TMPDIR" value="/var/folders/j8/141_clfx1cz88f86y8ggfd2c0000gn/T/" />
    <property name="env.PWD" value="/Users/loganhasson/Desktop/labs-bookclub/javacs/cs-swapping-implementations-lab-flatiron-labs" />
    <property name="env.rvm_ruby_make" value="" />
    <property name="env.rvm_ruby_make_install" value="" />
    <property name="env.rvm_proxy" value="" />
    <property name="env.LANG" value="en_US.UTF-8" />
    <property name="env.LESS" value="-R" />
    <property name="java.vm.specification.vendor" value="Oracle Corporation" />
    <property name="ant.home" value="/usr/local/Cellar/ant/1.9.6/libexec" />
    <property name="java.runtime.version" value="1.8.0_05-b13" />
    <property name="env.MY_RUBY_HOME" value="/Users/loganhasson/.rvm/rubies/ruby-2.3.0" />
    <property name="env.Apple_PubSub_Socket_Render" value="/private/tmp/com.apple.launchd.IwjGf503sH/Render" />
    <property name="env.DISPLAY" value="/private/tmp/com.apple.launchd.gBYFShZ5lj/org.macosforge.xquartz:0" />
    <property name="env.rvm_version" value="1.26.11 (master)" />
    <property name="user.name" value="loganhasson" />
    <property name="env.USER" value="loganhasson" />
    <property name="env.SHELL" value="/bin/zsh" />
    <property name="env.__CF_USER_TEXT_ENCODING" value="0x1F5:0x0:0x0" />
    <property name="env.NODE_PATH" value="/usr/local/lib/node_modules:" />
    <property name="env._system_type" value="Darwin" />
    <property name="env.PATH" value="/Users/loganhasson/.rvm/gems/ruby-2.3.0/bin:/Users/loganhasson/.rvm/gems/ruby-2.3.0@global/bin:/Users/loganhasson/.rvm/rubies/ruby-2.3.0/bin:/usr/local:/usr/local/bin:/usr/local/sbin:/usr/bin:/usr/local/bin:/usr/bin:/bin:/usr/sbin:/sbin:/opt/X11/bin:/usr/local/MacGPG2/bin:/Users/loganhasson/.rvm/bin" />
    <property name="user.language" value="en" />
    <property name="env.rvm_prefix" value="/Users/loganhasson" />
    <property name="sun.boot.library.path" value="/Library/Java/JavaVirtualMachines/jdk1.8.0_05.jdk/Contents/Home/jre/lib" />
    <property name="env.rvm_docs_type" value="" />
    <property name="ant.project.default-target" value="build" />
    <property name="env.XPC_FLAGS" value="0x0" />
    <property name="ant.project.name" value="JavaCS" />
    <property name="env.rvm_path" value="/Users/loganhasson/.rvm" />
    <property name="env.LC_CTYPE" value="en_US.UTF-8" />
    <property name="env.RUBY_VERSION" value="ruby-2.3.0" />
    <property name="java.version" value="1.8.0_05" />
    <property name="user.timezone" value="America/New_York" />
    <property name="env.PYTHON_SHARE" value="/usr/local/share/python" />
    <property name="sun.arch.data.model" value="64" />
    <property name="env._system_name" value="OSX" />
    <property name="http.nonProxyHosts" value="local|*.local|169.254/16|*.169.254/16" />
    <property name="java.endorsed.dirs" value="/Library/Java/JavaVirtualMachines/jdk1.8.0_05.jdk/Contents/Home/jre/lib/endorsed" />
    <property name="sun.cpu.isalist" value="" />
    <property name="sun.jnu.encoding" value="UTF-8" />
    <property name="env.ITERM_SESSION_ID" value="w2t1p0" />
    <property name="env.GIT_MERGE_AUTOEDIT" value="no" />
    <property name="env.rvm_bin_path" value="/Users/loganhasson/.rvm/bin" />
    <property name="file.encoding.pkg" value="sun.io" />
    <property name="env.SHLVL" value="3" />
    <property name="env.rvm_alias_expanded" value="" />
    <property name="file.separator" value="/" />
    <property name="env._system_version" value="10.10" />
    <property name="java.specification.name" value="Java Platform API Specification" />
    <property name="java.class.version" value="52.0" />
    <property name="user.country" value="US" />
    <property name="ant.file.JavaCS" value="/Users/loganhasson/Desktop/labs-bookclub/javacs/cs-swapping-implementations-lab-flatiron-labs/javacs-lab01/build.xml" />
    <property name="env.rvm_sdk" value="" />
    <property name="java.home" value="/Library/Java/JavaVirtualMachines/jdk1.8.0_05.jdk/Contents/Home/jre" />
    <property name="env.ZSH" value="/Users/loganhasson/.oh-my-zsh" />
    <property name="java.vm.info" value="mixed mode" />
    <property name="os.version" value="10.10.5" />
    <property name="env.LOGNAME" value="loganhasson" />
    <property name="ant.file" value="/Users/loganhasson/Desktop/labs-bookclub/javacs/cs-swapping-implementations-lab-flatiron-labs/javacs-lab01/build.xml" />
    <property name="env.rvm_hook" value="" />
    <property name="env.rvm_only_path_flag" value="" />
    <property name="env.rvm_use_flag" value="" />
    <property name="env._ORIGINAL_GEM_PATH" value="/Users/loganhasson/.rvm/gems/ruby-2.3.0:/Users/loganhasson/.rvm/gems/ruby-2.3.0@global" />
    <property name="path.separator" value=":" />
    <property name="java.vm.version" value="25.5-b02" />
    <property name="ant.library.dir" value="/usr/local/Cellar/ant/1.9.6/libexec/lib" />
    <property name="env.rvm_ruby_file" value="" />
    <property name="junit.output.dir" value="junit" />
    <property name="env.IRBRC" value="/Users/loganhasson/.rvm/rubies/ruby-2.3.0/.irbrc" />
    <property name="env.TERM" value="xterm-256color" />
    <property name="java.awt.printerjob" value="sun.lwawt.macosx.CPrinterJob" />
    <property name="sun.io.unicode.encoding" value="UnicodeBig" />
    <property name="env.rvm_nightly_flag" value="" />
    <property name="awt.toolkit" value="sun.lwawt.macosx.LWCToolkit" />
    <property name="socksNonProxyHosts" value="local|*.local|169.254/16|*.169.254/16" />
    <property name="env.LSCOLORS" value="Gxfxcxdxbxegedabagacad" />
    <property name="ftp.nonProxyHosts" value="local|*.local|169.254/16|*.169.254/16" />
    <property name="env.GEM_PATH" value="/Users/loganhasson/.rvm/gems/ruby-2.3.0:/Users/loganhasson/.rvm/gems/ruby-2.3.0@global" />
    <property name="user.home" value="/Users/loganhasson" />
    <property name="target" value="1.6" />
    <property name="java.specification.vendor" value="Oracle Corporation" />
    <property name="env.TERM_PROGRAM" value="iTerm.app" />
    <property name="env.PAGER" value="less" />
    <property name="java.library.path" value="/Users/loganhasson/Library/Java/Extensions:/Library/Java/Extensions:/Network/Library/Java/Extensions:/System/Library/Java/Extensions:/usr/lib/java:." />
    <property name="java.vendor.url" value="http://java.oracle.com/" />
    <property name="env.SVN_EDITOR" value="vi" />
    <property name="gopherProxySet" value="false" />
    <property name="java.vm.vendor" value="Oracle Corporation" />
    <property name="java.runtime.name" value="Java(TM) SE Runtime Environment" />
    <property name="ant.version" value="Apache Ant(TM) version 1.9.6 compiled on June 29 2015" />
    <property name="sun.java.command" value="org.apache.tools.ant.taskdefs.optional.junit.JUnitTestRunner com.flatironschool.javacs.ListClientExampleTest skipNonTests=false filtertrace=true haltOnError=false haltOnFailure=false formatter=org.apache.tools.ant.taskdefs.optional.junit.OutErrSummaryJUnitResultFormatter showoutput=false outputtoformatters=true logfailedtests=true threadid=0 logtestlistenerevents=false formatter=org.apache.tools.ant.taskdefs.optional.junit.XMLJUnitResultFormatter,/Users/loganhasson/Desktop/labs-bookclub/javacs/cs-swapping-implementations-lab-flatiron-labs/javacs-lab01/junit/TEST-com.flatironschool.javacs.ListClientExampleTest.xml formatter=org.apache.tools.ant.taskdefs.optional.junit.PlainJUnitResultFormatter crashfile=/Users/loganhasson/Desktop/labs-bookclub/javacs/cs-swapping-implementations-lab-flatiron-labs/javacs-lab01/junitvmwatcher8779085876249865281.properties propsfile=/Users/loganhasson/Desktop/labs-bookclub/javacs/cs-swapping-implementations-lab-flatiron-labs/javacs-lab01/junit4515743394943952105.properties" />
    <property name="java.class.path" value="/Users/loganhasson/Desktop/labs-bookclub/javacs/cs-swapping-implementations-lab-flatiron-labs/javacs-lab01/bin:/Users/loganhasson/Desktop/labs-bookclub/javacs/cs-swapping-implementations-lab-flatiron-labs/javacs-lab01/lib/junit-4.12.jar:/Users/loganhasson/Desktop/labs-bookclub/javacs/cs-swapping-implementations-lab-flatiron-labs/javacs-lab01/lib/hamcrest-core-1.3.jar:/usr/local/Cellar/ant/1.9.6/libexec/lib/ant-launcher.jar:/usr/local/Cellar/ant/1.9.6/libexec/lib/ant.jar:/usr/local/Cellar/ant/1.9.6/libexec/lib/ant-junit.jar:/usr/local/Cellar/ant/1.9.6/libexec/lib/ant-junit4.jar" />
    <property name="env.USR_PATHS" value="/usr/local:/usr/local/bin:/usr/local/sbin:/usr/bin" />
    <property name="ant.file.type.JavaCS" value="file" />
    <property name="java.vm.specification.name" value="Java Virtual Machine Specification" />
    <property name="ant.file.type" value="file" />
    <property name="java.vm.specification.version" value="1.8" />
    <property name="sun.os.patch.level" value="unknown" />
    <property name="sun.cpu.endian" value="little" />
    <property name="env.HOME" value="/Users/loganhasson" />
    <property name="debuglevel" value="source,lines,vars" />
    <property name="java.io.tmpdir" value="/var/folders/j8/141_clfx1cz88f86y8ggfd2c0000gn/T/" />
    <property name="env.LS_COLORS" value="no=00:fi=00:di=01;34:ln=35:pi=30;44:so=35;44:do=35;44:bd=33;44:cd=37;44:or=05;37;41:mi=05;37;41:ex=31:*.cmd=31:*.exe=31:*.com=31:*.bat=31:*.reg=31:*.app=31:*.txt=32:*.org=32:*.md=32:*.mkd=32:*.h=32:*.c=32:*.C=32:*.cc=32:*.cpp=32:*.cxx=32:*.objc=32:*.sh=32:*.csh=32:*.zsh=32:*.el=32:*.vim=32:*.java=32:*.pl=32:*.pm=32:*.py=32:*.rb=32:*.hs=32:*.php=32:*.htm=32:*.html=32:*.shtml=32:*.erb=32:*.haml=32:*.xml=32:*.rdf=32:*.css=32:*.sass=32:*.scss=32:*.less=32:*.js=32:*.coffee=32:*.man=32:*.0=32:*.1=32:*.2=32:*.3=32:*.4=32:*.5=32:*.6=32:*.7=32:*.8=32:*.9=32:*.l=32:*.n=32:*.p=32:*.pod=32:*.tex=32:*.go=32:*.bmp=33:*.cgm=33:*.dl=33:*.dvi=33:*.emf=33:*.eps=33:*.gif=33:*.jpeg=33:*.jpg=33:*.JPG=33:*.mng=33:*.pbm=33:*.pcx=33:*.pdf=33:*.pgm=33:*.png=33:*.PNG=33:*.ppm=33:*.pps=33:*.ppsx=33:*.ps=33:*.svg=33:*.svgz=33:*.tga=33:*.tif=33:*.tiff=33:*.xbm=33:*.xcf=33:*.xpm=33:*.xwd=33:*.xwd=33:*.yuv=33:*.aac=33:*.au=33:*.flac=33:*.m4a=33:*.mid=33:*.midi=33:*.mka=33:*.mp3=33:*.mpa=33:*.mpeg=33:*.mpg=33:*.ogg=33:*.ra=33:*.wav=33:*.anx=33:*.asf=33:*.avi=33:*.axv=33:*.flc=33:*.fli=33:*.flv=33:*.gl=33:*.m2v=33:*.m4v=33:*.mkv=33:*.mov=33:*.MOV=33:*.mp4=33:*.mp4v=33:*.mpeg=33:*.mpg=33:*.nuv=33:*.ogm=33:*.ogv=33:*.ogx=33:*.qt=33:*.rm=33:*.rmvb=33:*.swf=33:*.vob=33:*.webm=33:*.wmv=33:*.doc=31:*.docx=31:*.rtf=31:*.dot=31:*.dotx=31:*.xls=31:*.xlsx=31:*.ppt=31:*.pptx=31:*.fla=31:*.psd=31:*.7z=1;35:*.apk=1;35:*.arj=1;35:*.bin=1;35:*.bz=1;35:*.bz2=1;35:*.cab=1;35:*.deb=1;35:*.dmg=1;35:*.gem=1;35:*.gz=1;35:*.iso=1;35:*.jar=1;35:*.msi=1;35:*.rar=1;35:*.rpm=1;35:*.tar=1;35:*.tbz=1;35:*.tbz2=1;35:*.tgz=1;35:*.tx=1;35:*.war=1;35:*.xpi=1;35:*.xz=1;35:*.z=1;35:*.Z=1;35:*.zip=1;35:*.ANSI-30-black=30:*.ANSI-01;30-brblack=01;30:*.ANSI-31-red=31:*.ANSI-01;31-brred=01;31:*.ANSI-32-green=32:*.ANSI-01;32-brgreen=01;32:*.ANSI-33-yellow=33:*.ANSI-01;33-bryellow=01;33:*.ANSI-34-blue=34:*.ANSI-01;34-brblue=01;34:*.ANSI-35-magenta=35:*.ANSI-01;35-brmagenta=01;35:*.ANSI-36-cyan=36:*.ANSI-01;36-brcyan=01;36:*.ANSI-37-white=37:*.ANSI-01;37-brwhite=01;37:*.log=01;34:*~=01;34:*#=01;34:*.bak=01;36:*.BAK=01;36:*.old=01;36:*.OLD=01;36:*.org_archive=01;36:*.off=01;36:*.OFF=01;36:*.dist=01;36:*.DIST=01;36:*.orig=01;36:*.ORIG=01;36:*.swp=01;36:*.swo=01;36:*,v=01;36:*.gpg=34:*.gpg=34:*.pgp=34:*.asc=34:*.3des=34:*.aes=34:*.enc=34:*.sqlite=34:" />
    <property name="env.JAVA_MAIN_CLASS_26557" value="org.apache.tools.ant.launch.Launcher" />
    <property name="java.vendor.url.bug" value="http://bugreport.sun.com/bugreport/" />
    <property name="env.SSH_AUTH_SOCK" value="/private/tmp/com.apple.launchd.qm5DP5A2Lo/Listeners" />
    <property name="env.rvm_script_name" value="" />
    <property name="env.rvm_ruby_mode" value="" />
    <property name="env.rvm_wrapper_name" value="" />
    <property name="java.awt.graphicsenv" value="sun.awt.CGraphicsEnvironment" />
    <property name="os.arch" value="x86_64" />
    <property name="java.ext.dirs" value="/Users/loganhasson/Library/Java/Extensions:/Library/Java/JavaVirtualMachines/jdk1.8.0_05.jdk/Contents/Home/jre/lib/ext:/Library/Java/Extensions:/Network/Library/Java/Extensions:/System/Library/Java/Extensions:/usr/lib/java" />
    <property name="env.rvm_bin_flag" value="" />
    <property name="user.dir" value="/Users/loganhasson/Desktop/labs-bookclub/javacs/cs-swapping-implementations-lab-flatiron-labs" />
    <property name="line.separator" value="&#xa;" />
    <property name="java.vm.name" value="Java HotSpot(TM) 64-Bit Server VM" />
    <property name="env.EDITOR" value="vi" />
    <property name="basedir" value="/Users/loganhasson/Desktop/labs-bookclub/javacs/cs-swapping-implementations-lab-flatiron-labs/javacs-lab01" />
    <property name="env.ITERM_PROFILE" value="Default" />
    <property name="ant.java.version" value="1.8" />
    <property name="ant.core.lib" value="/usr/local/Cellar/ant/1.9.6/libexec/lib/ant.jar" />
    <property name="source" value="1.6" />
    <property name="file.encoding" value="UTF-8" />
    <property name="java.specification.version" value="1.8" />
    <property name="env.GIT_EDITOR" value="vi" />
    <property name="env.rvm_niceness" value="" />
    <property name="ant.project.invoked-targets" value="test" />
    <property name="env.rvm_gemstone_url" value="" />
  </properties>
  <testcase classname="com.flatironschool.javacs.ListClientExampleTest" name="testListClientExample" time="0.003" />
  <system-out><![CDATA[]]></system-out>
  <system-err><![CDATA[]]></system-err>
</testsuite>
