<?xml version="1.0" encoding="UTF-8" ?>
<testsuite errors="0" failures="0" hostname="Spencers-MacBook-Pro.local" name="com.flatironschool.javacs.ListClientExampleTest" skipped="0" tests="1" time="0.056" timestamp="2016-03-30T17:26:24">
  <properties>
    <property name="java.vendor" value="Oracle Corporation" />
    <property name="env.rvm_ruby_bits" value="" />
    <property name="sun.java.launcher" value="SUN_STANDARD" />
    <property name="env.XPC_SERVICE_NAME" value="0" />
    <property name="sun.management.compiler" value="HotSpot 64-Bit Tiered Compilers" />
    <property name="env.SECURITYSESSIONID" value="186a7" />
    <property name="env._system_arch" value="x86_64" />
    <property name="env.PROMPT" value="%F{green}&gt;&gt;%f%b " />
    <property name="env.rvm_silent_flag" value="" />
    <property name="env.COLORFGBG" value="11;15" />
    <property name="env.GEM_HOME" value="/Users/spencer1248/.rvm/gems/ruby-2.2.1" />
    <property name="os.name" value="Mac OS X" />
    <property name="env.PYTHONPATH" value=":/Users/spencer1248/install/ansible/lib" />
    <property name="env.rvm_gemstone_package_file" value="" />
    <property name="env.rvm_quiet_flag" value="" />
    <property name="sun.boot.class.path" value="/Library/Java/JavaVirtualMachines/jdk1.8.0_31.jdk/Contents/Home/jre/lib/resources.jar:/Library/Java/JavaVirtualMachines/jdk1.8.0_31.jdk/Contents/Home/jre/lib/rt.jar:/Library/Java/JavaVirtualMachines/jdk1.8.0_31.jdk/Contents/Home/jre/lib/sunrsasign.jar:/Library/Java/JavaVirtualMachines/jdk1.8.0_31.jdk/Contents/Home/jre/lib/jsse.jar:/Library/Java/JavaVirtualMachines/jdk1.8.0_31.jdk/Contents/Home/jre/lib/jce.jar:/Library/Java/JavaVirtualMachines/jdk1.8.0_31.jdk/Contents/Home/jre/lib/charsets.jar:/Library/Java/JavaVirtualMachines/jdk1.8.0_31.jdk/Contents/Home/jre/lib/jfr.jar:/Library/Java/JavaVirtualMachines/jdk1.8.0_31.jdk/Contents/Home/jre/classes" />
    <property name="env.TMPDIR" value="/var/folders/5d/3xhmnn8s11q4qlpgdfl7gjzw0000gn/T/" />
    <property name="env.PWD" value="/Users/spencer1248/java_cs/cs-swapping-implementations-lab-flatiron-labs" />
    <property name="env.rvm_ruby_make" value="" />
    <property name="env.rvm_ruby_make_install" value="" />
    <property name="env.rvm_proxy" value="" />
    <property name="env.LANG" value="en_US.UTF-8" />
    <property name="java.vm.specification.vendor" value="Oracle Corporation" />
    <property name="ant.home" value="/usr/local/Cellar/ant/1.9.6/libexec" />
    <property name="java.runtime.version" value="1.8.0_31-b13" />
    <property name="env.MY_RUBY_HOME" value="/Users/spencer1248/.rvm/rubies/ruby-2.2.1" />
    <property name="env.GOPATH" value="/Users/spencer1248/Code/go" />
    <property name="env.Apple_PubSub_Socket_Render" value="/private/tmp/com.apple.launchd.fOaLcmmX4w/Render" />
    <property name="env.DISPLAY" value="/private/tmp/com.apple.launchd.FVwJepYGhT/org.macosforge.xquartz:0" />
    <property name="env.rvm_version" value="1.26.11 (latest)" />
    <property name="user.name" value="spencer1248" />
    <property name="env.USER" value="spencer1248" />
    <property name="env.SHELL" value="/bin/zsh" />
    <property name="env.__CF_USER_TEXT_ENCODING" value="0x1F5:0x0:0x0" />
    <property name="env._system_type" value="Darwin" />
    <property name="env.PATH" value="/Users/spencer1248/.rvm/gems/ruby-2.2.1/bin:/Users/spencer1248/.rvm/gems/ruby-2.2.1@global/bin:/Users/spencer1248/.rvm/rubies/ruby-2.2.1/bin:/usr/local/heroku/bin:/Applications/Postgres.app/Contents/Versions/9.3/bin:./bin:/usr/local/bin:/usr/local/sbin:/Users/spencer1248/.dotfiles/bin:/Users/spencer1248/Code/go/bin:/usr/local/bin:/usr/bin:/bin:/usr/sbin:/sbin:/opt/X11/bin:/usr/local/go/bin:/usr/texbin:/Users/spencer1248/install/ansible/bin:/Users/spencer1248/.rvm/bin" />
    <property name="user.language" value="en" />
    <property name="env.rvm_prefix" value="/Users/spencer1248" />
    <property name="sun.boot.library.path" value="/Library/Java/JavaVirtualMachines/jdk1.8.0_31.jdk/Contents/Home/jre/lib" />
    <property name="env.rvm_docs_type" value="" />
    <property name="env.PROJECTS" value="/Users/spencer1248/Code" />
    <property name="ant.project.default-target" value="build" />
    <property name="env.XPC_FLAGS" value="0x0" />
    <property name="ant.project.name" value="JavaCS" />
    <property name="env.rvm_path" value="/Users/spencer1248/.rvm" />
    <property name="env.RUBY_VERSION" value="ruby-2.2.1" />
    <property name="java.version" value="1.8.0_31" />
    <property name="user.timezone" value="America/New_York" />
    <property name="sun.arch.data.model" value="64" />
    <property name="env._system_name" value="OSX" />
    <property name="http.nonProxyHosts" value="local|*.local|169.254/16|*.169.254/16" />
    <property name="java.endorsed.dirs" value="/Library/Java/JavaVirtualMachines/jdk1.8.0_31.jdk/Contents/Home/jre/lib/endorsed" />
    <property name="sun.cpu.isalist" value="" />
    <property name="sun.jnu.encoding" value="UTF-8" />
    <property name="env.ITERM_SESSION_ID" value="w0t7p0" />
    <property name="env.rvm_bin_path" value="/Users/spencer1248/.rvm/bin" />
    <property name="file.encoding.pkg" value="sun.io" />
    <property name="env.SHLVL" value="3" />
    <property name="env.rvm_alias_expanded" value="" />
    <property name="file.separator" value="/" />
    <property name="env._system_version" value="10.11" />
    <property name="java.specification.name" value="Java Platform API Specification" />
    <property name="java.class.version" value="52.0" />
    <property name="user.country" value="US" />
    <property name="ant.file.JavaCS" value="/Users/spencer1248/java_cs/cs-swapping-implementations-lab-flatiron-labs/javacs-lab01/build.xml" />
    <property name="env.rvm_sdk" value="" />
    <property name="java.home" value="/Library/Java/JavaVirtualMachines/jdk1.8.0_31.jdk/Contents/Home/jre" />
    <property name="env.ZSH" value="/Users/spencer1248/.dotfiles" />
    <property name="java.vm.info" value="mixed mode" />
    <property name="os.version" value="10.11.3" />
    <property name="env.LOGNAME" value="spencer1248" />
    <property name="ant.file" value="/Users/spencer1248/java_cs/cs-swapping-implementations-lab-flatiron-labs/javacs-lab01/build.xml" />
    <property name="env.rvm_hook" value="" />
    <property name="env.rvm_use_flag" value="" />
    <property name="env.rvm_only_path_flag" value="" />
    <property name="env.CLICOLOR" value="true" />
    <property name="path.separator" value=":" />
    <property name="env._ORIGINAL_GEM_PATH" value="/Users/spencer1248/.rvm/gems/ruby-2.2.1:/Users/spencer1248/.rvm/gems/ruby-2.2.1@global" />
    <property name="java.vm.version" value="25.31-b07" />
    <property name="ant.library.dir" value="/usr/local/Cellar/ant/1.9.6/libexec/lib" />
    <property name="env.rvm_ruby_file" value="" />
    <property name="junit.output.dir" value="junit" />
    <property name="env.IRBRC" value="/Users/spencer1248/.rvm/rubies/ruby-2.2.1/.irbrc" />
    <property name="java.awt.printerjob" value="sun.lwawt.macosx.CPrinterJob" />
    <property name="env.TERM" value="xterm-256color" />
    <property name="sun.io.unicode.encoding" value="UnicodeBig" />
    <property name="env.rvm_nightly_flag" value="" />
    <property name="awt.toolkit" value="sun.lwawt.macosx.LWCToolkit" />
    <property name="socksNonProxyHosts" value="local|*.local|169.254/16|*.169.254/16" />
    <property name="env.MANPATH" value="/usr/local/man:/usr/local/mysql/man:/usr/local/git/man::/Users/spencer1248/install/ansible/docs/man" />
    <property name="ftp.nonProxyHosts" value="local|*.local|169.254/16|*.169.254/16" />
    <property name="env.LSCOLORS" value="exfxcxdxbxegedabagacad" />
    <property name="env.GEM_PATH" value="/Users/spencer1248/.rvm/gems/ruby-2.2.1:/Users/spencer1248/.rvm/gems/ruby-2.2.1@global" />
    <property name="user.home" value="/Users/spencer1248" />
    <property name="target" value="1.6" />
    <property name="env.CDPATH" value="/Users/spencer1248:/Users/spencer1248/code:/Users/spencer1248/code/flatiron-labs" />
    <property name="java.specification.vendor" value="Oracle Corporation" />
    <property name="env.TERM_PROGRAM" value="iTerm.app" />
    <property name="java.library.path" value="/Users/spencer1248/Library/Java/Extensions:/Library/Java/Extensions:/Network/Library/Java/Extensions:/System/Library/Java/Extensions:/usr/lib/java:." />
    <property name="java.vendor.url" value="http://java.oracle.com/" />
    <property name="gopherProxySet" value="false" />
    <property name="java.vm.vendor" value="Oracle Corporation" />
    <property name="java.runtime.name" value="Java(TM) SE Runtime Environment" />
    <property name="ant.version" value="Apache Ant(TM) version 1.9.6 compiled on June 29 2015" />
    <property name="java.class.path" value="/Users/spencer1248/java_cs/cs-swapping-implementations-lab-flatiron-labs/javacs-lab01/bin:/Users/spencer1248/java_cs/cs-swapping-implementations-lab-flatiron-labs/javacs-lab01/lib/junit-4.12.jar:/Users/spencer1248/java_cs/cs-swapping-implementations-lab-flatiron-labs/javacs-lab01/lib/hamcrest-core-1.3.jar:/usr/local/Cellar/ant/1.9.6/libexec/lib/ant-launcher.jar:/usr/local/Cellar/ant/1.9.6/libexec/lib/ant.jar:/usr/local/Cellar/ant/1.9.6/libexec/lib/ant-junit.jar:/usr/local/Cellar/ant/1.9.6/libexec/lib/ant-junit4.jar" />
    <property name="sun.java.command" value="org.apache.tools.ant.taskdefs.optional.junit.JUnitTestRunner com.flatironschool.javacs.ListClientExampleTest skipNonTests=false filtertrace=true haltOnError=false haltOnFailure=false formatter=org.apache.tools.ant.taskdefs.optional.junit.OutErrSummaryJUnitResultFormatter showoutput=false outputtoformatters=true logfailedtests=true threadid=0 logtestlistenerevents=false formatter=org.apache.tools.ant.taskdefs.optional.junit.XMLJUnitResultFormatter,/Users/spencer1248/java_cs/cs-swapping-implementations-lab-flatiron-labs/javacs-lab01/junit/TEST-com.flatironschool.javacs.ListClientExampleTest.xml formatter=org.apache.tools.ant.taskdefs.optional.junit.PlainJUnitResultFormatter crashfile=/Users/spencer1248/java_cs/cs-swapping-implementations-lab-flatiron-labs/javacs-lab01/junitvmwatcher8169179377606635288.properties propsfile=/Users/spencer1248/java_cs/cs-swapping-implementations-lab-flatiron-labs/javacs-lab01/junit9148080341805434303.properties" />
    <property name="ant.file.type.JavaCS" value="file" />
    <property name="java.vm.specification.name" value="Java Virtual Machine Specification" />
    <property name="ant.file.type" value="file" />
    <property name="java.vm.specification.version" value="1.8" />
    <property name="sun.cpu.endian" value="little" />
    <property name="sun.os.patch.level" value="unknown" />
    <property name="debuglevel" value="source,lines,vars" />
    <property name="env.HOME" value="/Users/spencer1248" />
    <property name="java.io.tmpdir" value="/var/folders/5d/3xhmnn8s11q4qlpgdfl7gjzw0000gn/T/" />
    <property name="java.vendor.url.bug" value="http://bugreport.sun.com/bugreport/" />
    <property name="env.SSH_AUTH_SOCK" value="/private/tmp/com.apple.launchd.EdFL0NjyHH/Listeners" />
    <property name="env.rvm_ruby_mode" value="" />
    <property name="env.rvm_script_name" value="" />
    <property name="env.rvm_wrapper_name" value="" />
    <property name="java.awt.graphicsenv" value="sun.awt.CGraphicsEnvironment" />
    <property name="os.arch" value="x86_64" />
    <property name="java.ext.dirs" value="/Users/spencer1248/Library/Java/Extensions:/Library/Java/JavaVirtualMachines/jdk1.8.0_31.jdk/Contents/Home/jre/lib/ext:/Library/Java/Extensions:/Network/Library/Java/Extensions:/System/Library/Java/Extensions:/usr/lib/java" />
    <property name="env.rvm_bin_flag" value="" />
    <property name="user.dir" value="/Users/spencer1248/java_cs/cs-swapping-implementations-lab-flatiron-labs" />
    <property name="env.JAVA_MAIN_CLASS_9304" value="org.apache.tools.ant.launch.Launcher" />
    <property name="line.separator" value="&#xa;" />
    <property name="java.vm.name" value="Java HotSpot(TM) 64-Bit Server VM" />
    <property name="env.EDITOR" value="mvim" />
    <property name="basedir" value="/Users/spencer1248/java_cs/cs-swapping-implementations-lab-flatiron-labs/javacs-lab01" />
    <property name="env.ITERM_PROFILE" value="Default" />
    <property name="ant.java.version" value="1.8" />
    <property name="ant.core.lib" value="/usr/local/Cellar/ant/1.9.6/libexec/lib/ant.jar" />
    <property name="source" value="1.6" />
    <property name="file.encoding" value="UTF-8" />
    <property name="java.specification.version" value="1.8" />
    <property name="env.rvm_niceness" value="" />
    <property name="ant.project.invoked-targets" value="test" />
    <property name="env.rvm_gemstone_url" value="" />
  </properties>
  <testcase classname="com.flatironschool.javacs.ListClientExampleTest" name="testListClientExample" time="0.006" />
  <system-out><![CDATA[]]></system-out>
  <system-err><![CDATA[]]></system-err>
</testsuite>
